<?xml version="1.0" encoding="UTF-8"?>
<!-- Generated by org.testng.reporters.JUnitXMLReporter -->
<testsuite ignored="0" hostname="saran" failures="2" tests="6" name="ErrorValiadtion" time="120.927" errors="0" timestamp="2024-01-16T06:54:59 IST">
  <testcase classname="SFD.Test.ErrorvalidationTest" name="errorValidation" time="4.404">
    <skipped/>
  </testcase> <!-- errorValidation -->
  <testcase classname="SFD.Test.ErrorvalidationTest" name="errorValidation" time="0.994">
    <skipped/>
  </testcase> <!-- errorValidation -->
  <testcase classname="SFD.Test.ErrorvalidationTest" name="errorValidation" time="1.543">
    <failure type="java.lang.AssertionError" message="expected [Incorrect email or password.] but found [Incorrect email password.]">
      <![CDATA[java.lang.AssertionError: expected [Incorrect email or password.] but found [Incorrect email password.]
at SFD.Test.ErrorvalidationTest.errorValidation(ErrorvalidationTest.java:23)
at java.base/java.util.ArrayList.forEach(ArrayList.java:1511)
at java.base/java.util.concurrent.FutureTask.run(FutureTask.java:264)
at java.base/java.util.concurrent.ThreadPoolExecutor.runWorker(ThreadPoolExecutor.java:1136)
at java.base/java.util.concurrent.ThreadPoolExecutor$Worker.run(ThreadPoolExecutor.java:635)
at java.base/java.lang.Thread.run(Thread.java:833)
... Removed 23 stack frames]]>
    </failure>
  </testcase> <!-- errorValidation -->
  <testcase classname="SFD.Test.ErrorvalidationTest" name="productErrorValidation" time="4.719">
    <skipped/>
  </testcase> <!-- productErrorValidation -->
  <testcase classname="SFD.Test.ErrorvalidationTest" name="productErrorValidation" time="3.989">
    <skipped/>
  </testcase> <!-- productErrorValidation -->
  <testcase classname="SFD.Test.ErrorvalidationTest" name="productErrorValidation" time="3.602">
    <failure type="java.lang.AssertionError" message="expected [false] but found [true]">
      <![CDATA[java.lang.AssertionError: expected [false] but found [true]
at SFD.Test.ErrorvalidationTest.productErrorValidation(ErrorvalidationTest.java:34)
at java.base/java.util.ArrayList.forEach(ArrayList.java:1511)
at java.base/java.util.concurrent.FutureTask.run(FutureTask.java:264)
at java.base/java.util.concurrent.ThreadPoolExecutor.runWorker(ThreadPoolExecutor.java:1136)
at java.base/java.util.concurrent.ThreadPoolExecutor$Worker.run(ThreadPoolExecutor.java:635)
at java.base/java.lang.Thread.run(Thread.java:833)
... Removed 21 stack frames]]>
    </failure>
  </testcase> <!-- productErrorValidation -->
</testsuite> <!-- ErrorValiadtion -->
